2017-06-05 12:53:36 [scrapy.utils.log] INFO: Scrapy 1.4.0 started (bot: greenbook)
2017-06-05 12:53:36 [scrapy.utils.log] INFO: Overridden settings: {'BOT_NAME': 'greenbook', 'FEED_FORMAT': 'csv', 'FEED_URI': 'spidergod.csv', 'LOG_FILE': 'scrapy.log', 'NEWSPIDER_MODULE': 'greenbook.spiders', 'ROBOTSTXT_OBEY': True, 'SPIDER_MODULES': ['greenbook.spiders']}
2017-06-05 12:53:36 [scrapy.middleware] INFO: Enabled extensions:
['scrapy.extensions.corestats.CoreStats',
 'scrapy.extensions.telnet.TelnetConsole',
 'scrapy.extensions.feedexport.FeedExporter',
 'scrapy.extensions.logstats.LogStats']
2017-06-05 12:53:36 [scrapy.middleware] INFO: Enabled downloader middlewares:
['scrapy.downloadermiddlewares.robotstxt.RobotsTxtMiddleware',
 'scrapy.downloadermiddlewares.httpauth.HttpAuthMiddleware',
 'scrapy.downloadermiddlewares.downloadtimeout.DownloadTimeoutMiddleware',
 'scrapy.downloadermiddlewares.defaultheaders.DefaultHeadersMiddleware',
 'scrapy.downloadermiddlewares.useragent.UserAgentMiddleware',
 'scrapy.downloadermiddlewares.retry.RetryMiddleware',
 'scrapy.downloadermiddlewares.redirect.MetaRefreshMiddleware',
 'scrapy.downloadermiddlewares.httpcompression.HttpCompressionMiddleware',
 'scrapy.downloadermiddlewares.redirect.RedirectMiddleware',
 'scrapy.downloadermiddlewares.cookies.CookiesMiddleware',
 'scrapy.downloadermiddlewares.httpproxy.HttpProxyMiddleware',
 'scrapy.downloadermiddlewares.stats.DownloaderStats']
2017-06-05 12:53:36 [scrapy.middleware] INFO: Enabled spider middlewares:
['scrapy.spidermiddlewares.httperror.HttpErrorMiddleware',
 'scrapy.spidermiddlewares.offsite.OffsiteMiddleware',
 'scrapy.spidermiddlewares.referer.RefererMiddleware',
 'scrapy.spidermiddlewares.urllength.UrlLengthMiddleware',
 'scrapy.spidermiddlewares.depth.DepthMiddleware']
2017-06-05 12:53:36 [scrapy.middleware] INFO: Enabled item pipelines:
[]
2017-06-05 12:53:36 [scrapy.core.engine] INFO: Spider opened
2017-06-05 12:53:36 [scrapy.extensions.logstats] INFO: Crawled 0 pages (at 0 pages/min), scraped 0 items (at 0 items/min)
2017-06-05 12:53:36 [scrapy.extensions.telnet] DEBUG: Telnet console listening on 127.0.0.1:6023
2017-06-05 12:53:37 [scrapy.core.engine] DEBUG: Crawled (200) <GET http://www.thegreenbook.com/robots.txt> (referer: None)
2017-06-05 12:53:37 [scrapy.core.engine] DEBUG: Crawled (200) <GET http://www.thegreenbook.com/> (referer: None)
2017-06-05 12:53:38 [scrapy.core.engine] DEBUG: Crawled (403) <GET http://www.thegreenbook.com/products/search/oil-gas-guides/> (referer: http://www.thegreenbook.com/)
2017-06-05 12:53:38 [scrapy.core.engine] DEBUG: Crawled (403) <GET http://www.thegreenbook.com/products/search/pharmaceutical-guides/> (referer: http://www.thegreenbook.com/)
2017-06-05 12:53:38 [scrapy.core.engine] DEBUG: Crawled (403) <GET http://www.thegreenbook.com/products/search/electronic-guides/> (referer: http://www.thegreenbook.com/)
2017-06-05 12:53:38 [scrapy.core.engine] DEBUG: Crawled (403) <GET http://www.thegreenbook.com/products/search/industrial-automation-control-guides/> (referer: http://www.thegreenbook.com/)
2017-06-05 12:53:38 [scrapy.core.engine] DEBUG: Crawled (403) <GET http://www.thegreenbook.com/products/search/packaging-guides/> (referer: http://www.thegreenbook.com/)
2017-06-05 12:53:38 [scrapy.core.scraper] DEBUG: Scraped from <403 http://www.thegreenbook.com/products/search/oil-gas-guides/>
{'HREF': 'http://www.thegreenbook.com/products/search/oil-gas-guides/', 'FAILMSG': '<twisted.python.failure.Failure scrapy.spidermiddlewares.httperror.HttpError: Ignoring non-200 response>'}
2017-06-05 12:53:38 [scrapy.core.scraper] DEBUG: Scraped from <403 http://www.thegreenbook.com/products/search/pharmaceutical-guides/>
{'HREF': 'http://www.thegreenbook.com/products/search/pharmaceutical-guides/', 'FAILMSG': '<twisted.python.failure.Failure scrapy.spidermiddlewares.httperror.HttpError: Ignoring non-200 response>'}
2017-06-05 12:53:38 [scrapy.core.scraper] DEBUG: Scraped from <403 http://www.thegreenbook.com/products/search/electronic-guides/>
{'HREF': 'http://www.thegreenbook.com/products/search/electronic-guides/', 'FAILMSG': '<twisted.python.failure.Failure scrapy.spidermiddlewares.httperror.HttpError: Ignoring non-200 response>'}
2017-06-05 12:53:38 [scrapy.core.scraper] DEBUG: Scraped from <403 http://www.thegreenbook.com/products/search/industrial-automation-control-guides/>
{'HREF': 'http://www.thegreenbook.com/products/search/industrial-automation-control-guides/', 'FAILMSG': '<twisted.python.failure.Failure scrapy.spidermiddlewares.httperror.HttpError: Ignoring non-200 response>'}
2017-06-05 12:53:38 [scrapy.core.scraper] DEBUG: Scraped from <403 http://www.thegreenbook.com/products/search/packaging-guides/>
{'HREF': 'http://www.thegreenbook.com/products/search/packaging-guides/', 'FAILMSG': '<twisted.python.failure.Failure scrapy.spidermiddlewares.httperror.HttpError: Ignoring non-200 response>'}
2017-06-05 12:53:38 [scrapy.core.engine] DEBUG: Crawled (200) <GET http://www.thegreenbook.com/products/search/rubber-plastic-guides/> (referer: http://www.thegreenbook.com/)
2017-06-05 12:53:38 [scrapy.core.engine] DEBUG: Crawled (200) <GET http://www.thegreenbook.com/products/search/safety-security-guides/> (referer: http://www.thegreenbook.com/)
2017-06-05 12:53:39 [scrapy.core.engine] DEBUG: Crawled (200) <GET http://www.thegreenbook.com/products/search/marine-shipbuilding-guides/> (referer: http://www.thegreenbook.com/)
2017-06-05 12:53:39 [scrapy.core.engine] DEBUG: Crawled (403) <GET http://www.thegreenbook.com/products/search/aviation-guides/> (referer: http://www.thegreenbook.com/)
2017-06-05 12:53:39 [scrapy.core.engine] DEBUG: Crawled (403) <GET http://www.thegreenbook.com/products/search/architect-builder-contractor-guides/> (referer: http://www.thegreenbook.com/)
2017-06-05 12:53:39 [scrapy.core.scraper] DEBUG: Scraped from <403 http://www.thegreenbook.com/products/search/aviation-guides/>
{'HREF': 'http://www.thegreenbook.com/products/search/aviation-guides/', 'FAILMSG': '<twisted.python.failure.Failure scrapy.spidermiddlewares.httperror.HttpError: Ignoring non-200 response>'}
2017-06-05 12:53:39 [scrapy.core.scraper] DEBUG: Scraped from <403 http://www.thegreenbook.com/products/search/architect-builder-contractor-guides/>
{'HREF': 'http://www.thegreenbook.com/products/search/architect-builder-contractor-guides/', 'FAILMSG': '<twisted.python.failure.Failure scrapy.spidermiddlewares.httperror.HttpError: Ignoring non-200 response>'}
2017-06-05 12:53:39 [scrapy.core.engine] DEBUG: Crawled (200) <GET http://www.thegreenbook.com/products/search/electrical-guides/> (referer: http://www.thegreenbook.com/)
2017-06-05 12:53:39 [scrapy.core.engine] DEBUG: Crawled (200) <GET http://www.thegreenbook.com/products/search/chemical-guides/> (referer: http://www.thegreenbook.com/)
2017-06-05 12:53:39 [scrapy.core.engine] INFO: Closing spider (finished)
2017-06-05 12:53:39 [scrapy.extensions.feedexport] INFO: Stored csv feed (7 items) in: spidergod.csv
2017-06-05 12:53:39 [scrapy.statscollectors] INFO: Dumping Scrapy stats:
{'downloader/request_bytes': 3989,
 'downloader/request_count': 14,
 'downloader/request_method_count/GET': 14,
 'downloader/response_bytes': 140069,
 'downloader/response_count': 14,
 'downloader/response_status_count/200': 7,
 'downloader/response_status_count/403': 7,
 'finish_reason': 'finished',
 'finish_time': datetime.datetime(2017, 6, 5, 4, 53, 39, 979217),
 'item_scraped_count': 7,
 'log_count/DEBUG': 22,
 'log_count/INFO': 8,
 'request_depth_max': 1,
 'response_received_count': 14,
 'scheduler/dequeued': 13,
 'scheduler/dequeued/memory': 13,
 'scheduler/enqueued': 13,
 'scheduler/enqueued/memory': 13,
 'start_time': datetime.datetime(2017, 6, 5, 4, 53, 36, 716701)}
2017-06-05 12:53:39 [scrapy.core.engine] INFO: Spider closed (finished)
2017-06-05 12:58:43 [scrapy.utils.log] INFO: Scrapy 1.4.0 started (bot: greenbook)
2017-06-05 12:58:43 [scrapy.utils.log] INFO: Overridden settings: {'BOT_NAME': 'greenbook', 'FEED_FORMAT': 'csv', 'FEED_URI': 'spidergod2.csv', 'LOG_FILE': 'scrapy.log', 'NEWSPIDER_MODULE': 'greenbook.spiders', 'ROBOTSTXT_OBEY': True, 'SPIDER_MODULES': ['greenbook.spiders']}
2017-06-05 12:58:43 [scrapy.middleware] INFO: Enabled extensions:
['scrapy.extensions.corestats.CoreStats',
 'scrapy.extensions.telnet.TelnetConsole',
 'scrapy.extensions.feedexport.FeedExporter',
 'scrapy.extensions.logstats.LogStats']
2017-06-05 12:58:44 [scrapy.middleware] INFO: Enabled downloader middlewares:
['scrapy.downloadermiddlewares.robotstxt.RobotsTxtMiddleware',
 'scrapy.downloadermiddlewares.httpauth.HttpAuthMiddleware',
 'scrapy.downloadermiddlewares.downloadtimeout.DownloadTimeoutMiddleware',
 'scrapy.downloadermiddlewares.defaultheaders.DefaultHeadersMiddleware',
 'scrapy.downloadermiddlewares.useragent.UserAgentMiddleware',
 'scrapy.downloadermiddlewares.retry.RetryMiddleware',
 'scrapy.downloadermiddlewares.redirect.MetaRefreshMiddleware',
 'scrapy.downloadermiddlewares.httpcompression.HttpCompressionMiddleware',
 'scrapy.downloadermiddlewares.redirect.RedirectMiddleware',
 'scrapy.downloadermiddlewares.cookies.CookiesMiddleware',
 'scrapy.downloadermiddlewares.httpproxy.HttpProxyMiddleware',
 'scrapy.downloadermiddlewares.stats.DownloaderStats']
2017-06-05 12:58:44 [scrapy.middleware] INFO: Enabled spider middlewares:
['scrapy.spidermiddlewares.httperror.HttpErrorMiddleware',
 'scrapy.spidermiddlewares.offsite.OffsiteMiddleware',
 'scrapy.spidermiddlewares.referer.RefererMiddleware',
 'scrapy.spidermiddlewares.urllength.UrlLengthMiddleware',
 'scrapy.spidermiddlewares.depth.DepthMiddleware']
2017-06-05 12:58:44 [scrapy.middleware] INFO: Enabled item pipelines:
[]
2017-06-05 12:58:44 [scrapy.core.engine] INFO: Spider opened
2017-06-05 12:58:44 [scrapy.extensions.logstats] INFO: Crawled 0 pages (at 0 pages/min), scraped 0 items (at 0 items/min)
2017-06-05 12:58:44 [scrapy.extensions.telnet] DEBUG: Telnet console listening on 127.0.0.1:6023
2017-06-05 12:58:44 [scrapy.core.engine] DEBUG: Crawled (200) <GET http://www.thegreenbook.com/robots.txt> (referer: None)
2017-06-05 12:58:45 [scrapy.core.engine] DEBUG: Crawled (200) <GET http://www.thegreenbook.com/> (referer: None)
2017-06-05 12:58:46 [scrapy.core.engine] DEBUG: Crawled (200) <GET http://www.thegreenbook.com/products/search/pharmaceutical-guides/> (referer: http://www.thegreenbook.com/)
2017-06-05 12:58:46 [scrapy.core.engine] DEBUG: Crawled (403) <GET http://www.thegreenbook.com/products/search/packaging-guides/> (referer: http://www.thegreenbook.com/)
2017-06-05 12:58:46 [scrapy.core.engine] DEBUG: Crawled (403) <GET http://www.thegreenbook.com/products/search/industrial-automation-control-guides/> (referer: http://www.thegreenbook.com/)
2017-06-05 12:58:46 [scrapy.core.engine] DEBUG: Crawled (403) <GET http://www.thegreenbook.com/products/search/oil-gas-guides/> (referer: http://www.thegreenbook.com/)
2017-06-05 12:58:46 [scrapy.core.engine] DEBUG: Crawled (403) <GET http://www.thegreenbook.com/products/search/rubber-plastic-guides/> (referer: http://www.thegreenbook.com/)
2017-06-05 12:58:46 [scrapy.core.engine] DEBUG: Crawled (403) <GET http://www.thegreenbook.com/products/search/marine-shipbuilding-guides/> (referer: http://www.thegreenbook.com/)
2017-06-05 12:58:46 [greenbook] INFO: Ran parse_subcatpage
2017-06-05 12:58:46 [scrapy.core.scraper] DEBUG: Scraped from <403 http://www.thegreenbook.com/products/search/packaging-guides/>
{'HREF': 'http://www.thegreenbook.com/products/search/packaging-guides/', 'FAILMSG': '<twisted.python.failure.Failure scrapy.spidermiddlewares.httperror.HttpError: Ignoring non-200 response>'}
2017-06-05 12:58:46 [scrapy.core.engine] DEBUG: Crawled (200) <GET http://www.thegreenbook.com/products/search/architect-builder-contractor-guides/> (referer: http://www.thegreenbook.com/)
2017-06-05 12:58:46 [scrapy.core.scraper] DEBUG: Scraped from <403 http://www.thegreenbook.com/products/search/industrial-automation-control-guides/>
{'HREF': 'http://www.thegreenbook.com/products/search/industrial-automation-control-guides/', 'FAILMSG': '<twisted.python.failure.Failure scrapy.spidermiddlewares.httperror.HttpError: Ignoring non-200 response>'}
2017-06-05 12:58:46 [scrapy.core.scraper] DEBUG: Scraped from <403 http://www.thegreenbook.com/products/search/oil-gas-guides/>
{'HREF': 'http://www.thegreenbook.com/products/search/oil-gas-guides/', 'FAILMSG': '<twisted.python.failure.Failure scrapy.spidermiddlewares.httperror.HttpError: Ignoring non-200 response>'}
2017-06-05 12:58:46 [scrapy.core.scraper] DEBUG: Scraped from <403 http://www.thegreenbook.com/products/search/rubber-plastic-guides/>
{'HREF': 'http://www.thegreenbook.com/products/search/rubber-plastic-guides/', 'FAILMSG': '<twisted.python.failure.Failure scrapy.spidermiddlewares.httperror.HttpError: Ignoring non-200 response>'}
2017-06-05 12:58:46 [scrapy.core.scraper] DEBUG: Scraped from <403 http://www.thegreenbook.com/products/search/marine-shipbuilding-guides/>
{'HREF': 'http://www.thegreenbook.com/products/search/marine-shipbuilding-guides/', 'FAILMSG': '<twisted.python.failure.Failure scrapy.spidermiddlewares.httperror.HttpError: Ignoring non-200 response>'}
2017-06-05 12:58:46 [scrapy.core.engine] DEBUG: Crawled (403) <GET http://www.thegreenbook.com/products/search/electronic-guides/> (referer: http://www.thegreenbook.com/)
2017-06-05 12:58:46 [greenbook] INFO: Ran parse_subcatpage
2017-06-05 12:58:46 [scrapy.core.engine] DEBUG: Crawled (403) <GET http://www.thegreenbook.com/products/search/chemical-guides/> (referer: http://www.thegreenbook.com/)
2017-06-05 12:58:46 [scrapy.core.engine] DEBUG: Crawled (403) <GET http://www.thegreenbook.com/products/search/aviation-guides/> (referer: http://www.thegreenbook.com/)
2017-06-05 12:58:46 [scrapy.core.scraper] DEBUG: Scraped from <403 http://www.thegreenbook.com/products/search/electronic-guides/>
{'HREF': 'http://www.thegreenbook.com/products/search/electronic-guides/', 'FAILMSG': '<twisted.python.failure.Failure scrapy.spidermiddlewares.httperror.HttpError: Ignoring non-200 response>'}
2017-06-05 12:58:46 [scrapy.core.scraper] DEBUG: Scraped from <403 http://www.thegreenbook.com/products/search/chemical-guides/>
{'HREF': 'http://www.thegreenbook.com/products/search/chemical-guides/', 'FAILMSG': '<twisted.python.failure.Failure scrapy.spidermiddlewares.httperror.HttpError: Ignoring non-200 response>'}
2017-06-05 12:58:46 [scrapy.core.scraper] DEBUG: Scraped from <403 http://www.thegreenbook.com/products/search/aviation-guides/>
{'HREF': 'http://www.thegreenbook.com/products/search/aviation-guides/', 'FAILMSG': '<twisted.python.failure.Failure scrapy.spidermiddlewares.httperror.HttpError: Ignoring non-200 response>'}
2017-06-05 12:58:46 [scrapy.core.engine] DEBUG: Crawled (200) <GET http://www.thegreenbook.com/products/search/electrical-guides/> (referer: http://www.thegreenbook.com/)
2017-06-05 12:58:47 [greenbook] INFO: Ran parse_subcatpage
2017-06-05 12:58:47 [scrapy.core.engine] DEBUG: Crawled (200) <GET http://www.thegreenbook.com/products/search/safety-security-guides/> (referer: http://www.thegreenbook.com/)
2017-06-05 12:58:47 [greenbook] INFO: Ran parse_subcatpage
2017-06-05 12:58:47 [scrapy.core.engine] INFO: Closing spider (finished)
2017-06-05 12:58:47 [scrapy.extensions.feedexport] INFO: Stored csv feed (8 items) in: spidergod2.csv
2017-06-05 12:58:47 [scrapy.statscollectors] INFO: Dumping Scrapy stats:
{'downloader/request_bytes': 4613,
 'downloader/request_count': 14,
 'downloader/request_method_count/GET': 14,
 'downloader/response_bytes': 132004,
 'downloader/response_count': 14,
 'downloader/response_status_count/200': 6,
 'downloader/response_status_count/403': 8,
 'finish_reason': 'finished',
 'finish_time': datetime.datetime(2017, 6, 5, 4, 58, 47, 660958),
 'item_scraped_count': 8,
 'log_count/DEBUG': 23,
 'log_count/INFO': 12,
 'request_depth_max': 1,
 'response_received_count': 14,
 'scheduler/dequeued': 13,
 'scheduler/dequeued/memory': 13,
 'scheduler/enqueued': 13,
 'scheduler/enqueued/memory': 13,
 'start_time': datetime.datetime(2017, 6, 5, 4, 58, 44, 106970)}
2017-06-05 12:58:47 [scrapy.core.engine] INFO: Spider closed (finished)
