2017-06-06 12:23:33 [scrapy.utils.log] INFO: Scrapy 1.4.0 started (bot: greenbook)
2017-06-06 12:23:33 [scrapy.utils.log] INFO: Overridden settings: {'AUTOTHROTTLE_ENABLED': True, 'BOT_NAME': 'greenbook', 'FEED_FORMAT': 'csv', 'FEED_URI': 'spiderdemon4.csv', 'LOG_FILE': 'scrapyme2.log', 'NEWSPIDER_MODULE': 'greenbook.spiders', 'ROBOTSTXT_OBEY': True, 'SPIDER_MODULES': ['greenbook.spiders'], 'USER_AGENT': 'Mozilla/5.0 (Macintosh; Intel Mac OS X 10_10_5) AppleWebKit/537.36 (KHTML, like Gecko) Chrome/55.0.2883.95 Safari/537.36'}
2017-06-06 12:23:33 [scrapy.middleware] INFO: Enabled extensions:
['scrapy.extensions.corestats.CoreStats',
 'scrapy.extensions.telnet.TelnetConsole',
 'scrapy.extensions.feedexport.FeedExporter',
 'scrapy.extensions.logstats.LogStats',
 'scrapy.extensions.throttle.AutoThrottle']
2017-06-06 12:23:34 [scrapy.middleware] INFO: Enabled downloader middlewares:
['scrapy.downloadermiddlewares.robotstxt.RobotsTxtMiddleware',
 'scrapy.downloadermiddlewares.httpauth.HttpAuthMiddleware',
 'scrapy.downloadermiddlewares.downloadtimeout.DownloadTimeoutMiddleware',
 'scrapy.downloadermiddlewares.defaultheaders.DefaultHeadersMiddleware',
 'scrapy.downloadermiddlewares.useragent.UserAgentMiddleware',
 'scrapy.downloadermiddlewares.retry.RetryMiddleware',
 'scrapy.downloadermiddlewares.redirect.MetaRefreshMiddleware',
 'scrapy.downloadermiddlewares.httpcompression.HttpCompressionMiddleware',
 'scrapy.downloadermiddlewares.redirect.RedirectMiddleware',
 'scrapy.downloadermiddlewares.cookies.CookiesMiddleware',
 'scrapy.downloadermiddlewares.httpproxy.HttpProxyMiddleware',
 'scrapy.downloadermiddlewares.stats.DownloaderStats']
2017-06-06 12:23:34 [scrapy.middleware] INFO: Enabled spider middlewares:
['scrapy.spidermiddlewares.httperror.HttpErrorMiddleware',
 'scrapy.spidermiddlewares.offsite.OffsiteMiddleware',
 'scrapy.spidermiddlewares.referer.RefererMiddleware',
 'scrapy.spidermiddlewares.urllength.UrlLengthMiddleware',
 'scrapy.spidermiddlewares.depth.DepthMiddleware']
2017-06-06 12:23:34 [scrapy.middleware] INFO: Enabled item pipelines:
[]
2017-06-06 12:23:34 [scrapy.core.engine] INFO: Spider opened
2017-06-06 12:23:34 [scrapy.extensions.logstats] INFO: Crawled 0 pages (at 0 pages/min), scraped 0 items (at 0 items/min)
2017-06-06 12:23:34 [scrapy.extensions.telnet] DEBUG: Telnet console listening on 127.0.0.1:6023
2017-06-06 12:23:34 [scrapy.core.engine] DEBUG: Crawled (200) <GET http://www.thegreenbook.com/robots.txt> (referer: None)
2017-06-06 12:23:42 [scrapy.core.engine] DEBUG: Crawled (200) <GET http://www.thegreenbook.com/products/search/architect-builder-contractor-guides/> (referer: None)
2017-06-06 12:23:45 [scrapy.core.engine] DEBUG: Crawled (200) <GET http://www.thegreenbook.com/products/abrasive-cutting-wheels/> (referer: http://www.thegreenbook.com/products/search/architect-builder-contractor-guides/)
2017-06-06 12:23:49 [scrapy.core.engine] DEBUG: Crawled (200) <GET http://www.thegreenbook.com/products/agricultural-sprayers/> (referer: http://www.thegreenbook.com/products/search/architect-builder-contractor-guides/)
2017-06-06 12:23:51 [scrapy.core.engine] DEBUG: Crawled (200) <GET http://www.thegreenbook.com/products/agricultural-equipment-supplies/> (referer: http://www.thegreenbook.com/products/search/architect-builder-contractor-guides/)
2017-06-06 12:23:51 [scrapy.dupefilters] DEBUG: Filtered duplicate request: <GET http://www.thegreenbook.com/companies/agro-technic-pte-ltd/> - no more duplicates will be shown (see DUPEFILTER_DEBUG to show all duplicates)
2017-06-06 12:23:55 [scrapy.core.engine] DEBUG: Crawled (200) <GET http://www.thegreenbook.com/products/agarwood/> (referer: http://www.thegreenbook.com/products/search/architect-builder-contractor-guides/)
2017-06-06 12:24:02 [scrapy.core.engine] DEBUG: Crawled (200) <GET http://www.thegreenbook.com/products/aerial-work-platforms/> (referer: http://www.thegreenbook.com/products/search/architect-builder-contractor-guides/)
2017-06-06 12:24:08 [scrapy.core.engine] DEBUG: Crawled (200) <GET http://www.thegreenbook.com/products/adhesives/> (referer: http://www.thegreenbook.com/products/search/architect-builder-contractor-guides/)
2017-06-06 12:24:10 [scrapy.core.engine] DEBUG: Crawled (200) <GET http://www.thegreenbook.com/products/adhesive-chemicals/> (referer: http://www.thegreenbook.com/products/search/architect-builder-contractor-guides/)
2017-06-06 12:24:16 [scrapy.core.engine] DEBUG: Crawled (200) <GET http://www.thegreenbook.com/products/adhesive-application-equipment/> (referer: http://www.thegreenbook.com/products/search/architect-builder-contractor-guides/)
2017-06-06 12:24:21 [scrapy.core.engine] DEBUG: Crawled (200) <GET http://www.thegreenbook.com/products/additives-paint/> (referer: http://www.thegreenbook.com/products/search/architect-builder-contractor-guides/)
2017-06-06 12:24:27 [scrapy.core.engine] DEBUG: Crawled (200) <GET http://www.thegreenbook.com/products/additives-drilling-mud/> (referer: http://www.thegreenbook.com/products/search/architect-builder-contractor-guides/)
2017-06-06 12:24:30 [scrapy.core.engine] DEBUG: Crawled (200) <GET http://www.thegreenbook.com/products/additives-concrete/> (referer: http://www.thegreenbook.com/products/search/architect-builder-contractor-guides/)
2017-06-06 12:24:32 [scrapy.core.engine] DEBUG: Crawled (200) <GET http://www.thegreenbook.com/products/adapter-type-roller-bearings/> (referer: http://www.thegreenbook.com/products/search/architect-builder-contractor-guides/)
2017-06-06 12:24:34 [scrapy.extensions.logstats] INFO: Crawled 14 pages (at 14 pages/min), scraped 0 items (at 0 items/min)
2017-06-06 12:24:37 [scrapy.core.engine] DEBUG: Crawled (200) <GET http://www.thegreenbook.com/products/adapter-type-ball-bearings/> (referer: http://www.thegreenbook.com/products/search/architect-builder-contractor-guides/)
2017-06-06 12:24:39 [scrapy.core.engine] DEBUG: Crawled (200) <GET http://www.thegreenbook.com/products/actuators-valve/> (referer: http://www.thegreenbook.com/products/search/architect-builder-contractor-guides/)
2017-06-06 12:24:41 [scrapy.core.engine] DEBUG: Crawled (200) <GET http://www.thegreenbook.com/products/acoustical-control-structures-equipment/> (referer: http://www.thegreenbook.com/products/search/architect-builder-contractor-guides/)
2017-06-06 12:24:45 [scrapy.core.engine] DEBUG: Crawled (200) <GET http://www.thegreenbook.com/products/acoustical-contractors/> (referer: http://www.thegreenbook.com/products/search/architect-builder-contractor-guides/)
2017-06-06 12:24:48 [scrapy.downloadermiddlewares.redirect] DEBUG: Redirecting (301) to <GET http://www.thegreenbook.com/products/abrasive-cutting-wheels/page/2/> from <GET http://www.thegreenbook.com/products/abrasive-cutting-wheels/page/2>
2017-06-06 12:24:48 [scrapy.core.engine] DEBUG: Crawled (200) <GET http://www.thegreenbook.com/products/work-platform-elevating/> (referer: http://www.thegreenbook.com/products/search/architect-builder-contractor-guides/)
2017-06-06 12:24:51 [scrapy.downloadermiddlewares.redirect] DEBUG: Redirecting (301) to <GET http://www.thegreenbook.com/products/agricultural-sprayers/page/2/> from <GET http://www.thegreenbook.com/products/agricultural-sprayers/page/2>
2017-06-06 12:24:55 [scrapy.downloadermiddlewares.redirect] DEBUG: Redirecting (301) to <GET http://www.thegreenbook.com/products/agricultural-equipment-supplies/page/2/> from <GET http://www.thegreenbook.com/products/agricultural-equipment-supplies/page/2>
2017-06-06 12:24:59 [scrapy.downloadermiddlewares.redirect] DEBUG: Redirecting (301) to <GET http://www.thegreenbook.com/products/agarwood/page/2/> from <GET http://www.thegreenbook.com/products/agarwood/page/2>
2017-06-06 12:25:01 [scrapy.downloadermiddlewares.redirect] DEBUG: Redirecting (301) to <GET http://www.thegreenbook.com/products/aerial-work-platforms/page/2/> from <GET http://www.thegreenbook.com/products/aerial-work-platforms/page/2>
2017-06-06 12:25:04 [scrapy.downloadermiddlewares.redirect] DEBUG: Redirecting (301) to <GET http://www.thegreenbook.com/products/adhesives/page/2/> from <GET http://www.thegreenbook.com/products/adhesives/page/2>
2017-06-06 12:25:07 [scrapy.downloadermiddlewares.redirect] DEBUG: Redirecting (301) to <GET http://www.thegreenbook.com/products/adhesive-chemicals/page/2/> from <GET http://www.thegreenbook.com/products/adhesive-chemicals/page/2>
2017-06-06 12:25:11 [scrapy.downloadermiddlewares.redirect] DEBUG: Redirecting (301) to <GET http://www.thegreenbook.com/products/adhesive-application-equipment/page/2/> from <GET http://www.thegreenbook.com/products/adhesive-application-equipment/page/2>
2017-06-06 12:25:16 [scrapy.downloadermiddlewares.redirect] DEBUG: Redirecting (301) to <GET http://www.thegreenbook.com/products/additives-paint/page/2/> from <GET http://www.thegreenbook.com/products/additives-paint/page/2>
2017-06-06 12:25:18 [scrapy.downloadermiddlewares.redirect] DEBUG: Redirecting (301) to <GET http://www.thegreenbook.com/products/additives-drilling-mud/page/2/> from <GET http://www.thegreenbook.com/products/additives-drilling-mud/page/2>
2017-06-06 12:25:21 [scrapy.downloadermiddlewares.redirect] DEBUG: Redirecting (301) to <GET http://www.thegreenbook.com/products/additives-concrete/page/2/> from <GET http://www.thegreenbook.com/products/additives-concrete/page/2>
2017-06-06 12:25:25 [scrapy.downloadermiddlewares.redirect] DEBUG: Redirecting (301) to <GET http://www.thegreenbook.com/products/adapter-type-roller-bearings/page/2/> from <GET http://www.thegreenbook.com/products/adapter-type-roller-bearings/page/2>
2017-06-06 12:25:28 [scrapy.downloadermiddlewares.redirect] DEBUG: Redirecting (301) to <GET http://www.thegreenbook.com/products/adapter-type-ball-bearings/page/2/> from <GET http://www.thegreenbook.com/products/adapter-type-ball-bearings/page/2>
2017-06-06 12:25:31 [scrapy.downloadermiddlewares.redirect] DEBUG: Redirecting (301) to <GET http://www.thegreenbook.com/products/actuators-valve/page/2/> from <GET http://www.thegreenbook.com/products/actuators-valve/page/2>
2017-06-06 12:25:34 [scrapy.extensions.logstats] INFO: Crawled 19 pages (at 5 pages/min), scraped 0 items (at 0 items/min)
2017-06-06 12:25:35 [scrapy.downloadermiddlewares.redirect] DEBUG: Redirecting (301) to <GET http://www.thegreenbook.com/products/acoustical-control-structures-equipment/page/2/> from <GET http://www.thegreenbook.com/products/acoustical-control-structures-equipment/page/2>
2017-06-06 12:25:43 [scrapy.core.engine] DEBUG: Crawled (200) <GET http://www.thegreenbook.com/products/abrasive-cutting-wheels/page/2/> (referer: http://www.thegreenbook.com/products/abrasive-cutting-wheels/)
2017-06-06 12:25:43 [scrapy.downloadermiddlewares.redirect] DEBUG: Redirecting (301) to <GET http://www.thegreenbook.com/products/acoustical-contractors/page/2/> from <GET http://www.thegreenbook.com/products/acoustical-contractors/page/2>
2017-06-06 12:25:48 [scrapy.core.engine] DEBUG: Crawled (200) <GET http://www.thegreenbook.com/products/agricultural-sprayers/page/2/> (referer: http://www.thegreenbook.com/products/agricultural-sprayers/)
2017-06-06 12:25:53 [scrapy.core.engine] DEBUG: Crawled (200) <GET http://www.thegreenbook.com/products/agricultural-equipment-supplies/page/2/> (referer: http://www.thegreenbook.com/products/agricultural-equipment-supplies/)
2017-06-06 12:25:55 [scrapy.core.engine] DEBUG: Crawled (200) <GET http://www.thegreenbook.com/products/agarwood/page/2/> (referer: http://www.thegreenbook.com/products/agarwood/)
2017-06-06 12:25:59 [scrapy.core.engine] DEBUG: Crawled (200) <GET http://www.thegreenbook.com/products/aerial-work-platforms/page/2/> (referer: http://www.thegreenbook.com/products/aerial-work-platforms/)
2017-06-06 12:26:01 [scrapy.core.engine] DEBUG: Crawled (200) <GET http://www.thegreenbook.com/products/adhesives/page/2/> (referer: http://www.thegreenbook.com/products/adhesives/)
2017-06-06 12:26:05 [scrapy.core.engine] DEBUG: Crawled (200) <GET http://www.thegreenbook.com/products/adhesive-chemicals/page/2/> (referer: http://www.thegreenbook.com/products/adhesive-chemicals/)
2017-06-06 12:26:09 [scrapy.core.engine] DEBUG: Crawled (200) <GET http://www.thegreenbook.com/products/adhesive-application-equipment/page/2/> (referer: http://www.thegreenbook.com/products/adhesive-application-equipment/)
2017-06-06 12:26:12 [scrapy.core.engine] DEBUG: Crawled (200) <GET http://www.thegreenbook.com/products/additives-paint/page/2/> (referer: http://www.thegreenbook.com/products/additives-paint/)
2017-06-06 12:26:15 [scrapy.core.engine] DEBUG: Crawled (200) <GET http://www.thegreenbook.com/products/additives-drilling-mud/page/2/> (referer: http://www.thegreenbook.com/products/additives-drilling-mud/)
2017-06-06 12:26:17 [scrapy.core.engine] DEBUG: Crawled (200) <GET http://www.thegreenbook.com/products/additives-concrete/page/2/> (referer: http://www.thegreenbook.com/products/additives-concrete/)
2017-06-06 12:26:20 [scrapy.core.engine] DEBUG: Crawled (200) <GET http://www.thegreenbook.com/products/adapter-type-roller-bearings/page/2/> (referer: http://www.thegreenbook.com/products/adapter-type-roller-bearings/)
2017-06-06 12:26:22 [scrapy.core.engine] DEBUG: Crawled (200) <GET http://www.thegreenbook.com/products/adapter-type-ball-bearings/page/2/> (referer: http://www.thegreenbook.com/products/adapter-type-ball-bearings/)
2017-06-06 12:26:24 [scrapy.core.engine] DEBUG: Crawled (200) <GET http://www.thegreenbook.com/products/actuators-valve/page/2/> (referer: http://www.thegreenbook.com/products/actuators-valve/)
2017-06-06 12:26:28 [scrapy.core.engine] DEBUG: Crawled (200) <GET http://www.thegreenbook.com/products/acoustical-control-structures-equipment/page/2/> (referer: http://www.thegreenbook.com/products/acoustical-control-structures-equipment/)
2017-06-06 12:26:29 [scrapy.downloadermiddlewares.redirect] DEBUG: Redirecting (301) to <GET http://www.thegreenbook.com/products/work-platform-elevating/page/2/> from <GET http://www.thegreenbook.com/products/work-platform-elevating/page/2>
2017-06-06 12:26:33 [scrapy.core.engine] DEBUG: Crawled (200) <GET http://www.thegreenbook.com/products/acoustical-contractors/page/2/> (referer: http://www.thegreenbook.com/products/acoustical-contractors/)
2017-06-06 12:26:34 [scrapy.extensions.logstats] INFO: Crawled 35 pages (at 16 pages/min), scraped 0 items (at 0 items/min)
2017-06-06 12:26:34 [scrapy.downloadermiddlewares.redirect] DEBUG: Redirecting (301) to <GET http://www.thegreenbook.com/products/abrasive-cutting-wheels/page/3/> from <GET http://www.thegreenbook.com/products/abrasive-cutting-wheels/page/3>
2017-06-06 12:26:37 [scrapy.downloadermiddlewares.redirect] DEBUG: Redirecting (301) to <GET http://www.thegreenbook.com/products/agricultural-sprayers/page/3/> from <GET http://www.thegreenbook.com/products/agricultural-sprayers/page/3>
2017-06-06 12:26:39 [scrapy.downloadermiddlewares.redirect] DEBUG: Redirecting (301) to <GET http://www.thegreenbook.com/products/agricultural-equipment-supplies/page/3/> from <GET http://www.thegreenbook.com/products/agricultural-equipment-supplies/page/3>
2017-06-06 12:26:41 [scrapy.downloadermiddlewares.redirect] DEBUG: Redirecting (301) to <GET http://www.thegreenbook.com/products/agarwood/page/3/> from <GET http://www.thegreenbook.com/products/agarwood/page/3>
2017-06-06 12:26:43 [scrapy.downloadermiddlewares.redirect] DEBUG: Redirecting (301) to <GET http://www.thegreenbook.com/products/aerial-work-platforms/page/3/> from <GET http://www.thegreenbook.com/products/aerial-work-platforms/page/3>
2017-06-06 12:26:46 [scrapy.downloadermiddlewares.redirect] DEBUG: Redirecting (301) to <GET http://www.thegreenbook.com/products/adhesives/page/3/> from <GET http://www.thegreenbook.com/products/adhesives/page/3>
2017-06-06 12:26:48 [scrapy.downloadermiddlewares.redirect] DEBUG: Redirecting (301) to <GET http://www.thegreenbook.com/products/adhesive-chemicals/page/3/> from <GET http://www.thegreenbook.com/products/adhesive-chemicals/page/3>
2017-06-06 12:26:50 [scrapy.downloadermiddlewares.redirect] DEBUG: Redirecting (301) to <GET http://www.thegreenbook.com/products/adhesive-application-equipment/page/3/> from <GET http://www.thegreenbook.com/products/adhesive-application-equipment/page/3>
2017-06-06 12:26:53 [scrapy.downloadermiddlewares.redirect] DEBUG: Redirecting (301) to <GET http://www.thegreenbook.com/products/additives-paint/page/3/> from <GET http://www.thegreenbook.com/products/additives-paint/page/3>
2017-06-06 12:26:56 [scrapy.downloadermiddlewares.redirect] DEBUG: Redirecting (301) to <GET http://www.thegreenbook.com/products/additives-drilling-mud/page/3/> from <GET http://www.thegreenbook.com/products/additives-drilling-mud/page/3>
2017-06-06 12:26:58 [scrapy.downloadermiddlewares.redirect] DEBUG: Redirecting (301) to <GET http://www.thegreenbook.com/products/additives-concrete/page/3/> from <GET http://www.thegreenbook.com/products/additives-concrete/page/3>
2017-06-06 12:27:01 [scrapy.downloadermiddlewares.redirect] DEBUG: Redirecting (301) to <GET http://www.thegreenbook.com/products/adapter-type-roller-bearings/page/3/> from <GET http://www.thegreenbook.com/products/adapter-type-roller-bearings/page/3>
2017-06-06 12:27:04 [scrapy.downloadermiddlewares.redirect] DEBUG: Redirecting (301) to <GET http://www.thegreenbook.com/products/adapter-type-ball-bearings/page/3/> from <GET http://www.thegreenbook.com/products/adapter-type-ball-bearings/page/3>
2017-06-06 12:27:06 [scrapy.downloadermiddlewares.redirect] DEBUG: Redirecting (301) to <GET http://www.thegreenbook.com/products/actuators-valve/page/3/> from <GET http://www.thegreenbook.com/products/actuators-valve/page/3>
2017-06-06 12:27:11 [scrapy.downloadermiddlewares.redirect] DEBUG: Redirecting (301) to <GET http://www.thegreenbook.com/products/acoustical-control-structures-equipment/page/3/> from <GET http://www.thegreenbook.com/products/acoustical-control-structures-equipment/page/3>
2017-06-06 12:27:18 [scrapy.core.engine] DEBUG: Crawled (200) <GET http://www.thegreenbook.com/products/abrasive-cutting-wheels/page/3/> (referer: http://www.thegreenbook.com/products/abrasive-cutting-wheels/page/2/)
2017-06-06 12:27:19 [scrapy.core.engine] DEBUG: Crawled (200) <GET http://www.thegreenbook.com/products/agricultural-sprayers/page/3/> (referer: http://www.thegreenbook.com/products/agricultural-sprayers/page/2/)
2017-06-06 12:27:22 [scrapy.core.engine] DEBUG: Crawled (200) <GET http://www.thegreenbook.com/products/agricultural-equipment-supplies/page/3/> (referer: http://www.thegreenbook.com/products/agricultural-equipment-supplies/page/2/)
2017-06-06 12:27:25 [scrapy.core.engine] DEBUG: Crawled (200) <GET http://www.thegreenbook.com/products/agarwood/page/3/> (referer: http://www.thegreenbook.com/products/agarwood/page/2/)
2017-06-06 12:27:26 [scrapy.core.engine] DEBUG: Crawled (200) <GET http://www.thegreenbook.com/products/work-platform-elevating/page/2/> (referer: http://www.thegreenbook.com/products/work-platform-elevating/)
2017-06-06 12:27:29 [scrapy.core.engine] DEBUG: Crawled (200) <GET http://www.thegreenbook.com/products/aerial-work-platforms/page/3/> (referer: http://www.thegreenbook.com/products/aerial-work-platforms/page/2/)
2017-06-06 12:27:33 [scrapy.core.engine] DEBUG: Crawled (200) <GET http://www.thegreenbook.com/products/adhesives/page/3/> (referer: http://www.thegreenbook.com/products/adhesives/page/2/)
2017-06-06 12:27:34 [scrapy.extensions.logstats] INFO: Crawled 42 pages (at 7 pages/min), scraped 0 items (at 0 items/min)
2017-06-06 12:27:36 [scrapy.core.engine] DEBUG: Crawled (200) <GET http://www.thegreenbook.com/products/adhesive-chemicals/page/3/> (referer: http://www.thegreenbook.com/products/adhesive-chemicals/page/2/)
2017-06-06 12:27:38 [scrapy.core.engine] DEBUG: Crawled (200) <GET http://www.thegreenbook.com/products/adhesive-application-equipment/page/3/> (referer: http://www.thegreenbook.com/products/adhesive-application-equipment/page/2/)
2017-06-06 12:27:42 [scrapy.core.engine] DEBUG: Crawled (200) <GET http://www.thegreenbook.com/products/additives-paint/page/3/> (referer: http://www.thegreenbook.com/products/additives-paint/page/2/)
2017-06-06 12:27:45 [scrapy.core.engine] DEBUG: Crawled (200) <GET http://www.thegreenbook.com/products/additives-drilling-mud/page/3/> (referer: http://www.thegreenbook.com/products/additives-drilling-mud/page/2/)
2017-06-06 12:27:47 [scrapy.core.engine] DEBUG: Crawled (200) <GET http://www.thegreenbook.com/products/additives-concrete/page/3/> (referer: http://www.thegreenbook.com/products/additives-concrete/page/2/)
2017-06-06 12:27:50 [scrapy.core.engine] DEBUG: Crawled (200) <GET http://www.thegreenbook.com/products/adapter-type-roller-bearings/page/3/> (referer: http://www.thegreenbook.com/products/adapter-type-roller-bearings/page/2/)
2017-06-06 12:27:52 [scrapy.core.engine] DEBUG: Crawled (200) <GET http://www.thegreenbook.com/products/adapter-type-ball-bearings/page/3/> (referer: http://www.thegreenbook.com/products/adapter-type-ball-bearings/page/2/)
2017-06-06 12:27:55 [scrapy.core.engine] DEBUG: Crawled (200) <GET http://www.thegreenbook.com/products/actuators-valve/page/3/> (referer: http://www.thegreenbook.com/products/actuators-valve/page/2/)
2017-06-06 12:27:57 [scrapy.core.engine] DEBUG: Crawled (200) <GET http://www.thegreenbook.com/products/acoustical-control-structures-equipment/page/3/> (referer: http://www.thegreenbook.com/products/acoustical-control-structures-equipment/page/2/)
2017-06-06 12:27:57 [scrapy.downloadermiddlewares.redirect] DEBUG: Redirecting (301) to <GET http://www.thegreenbook.com/products/acoustical-contractors/page/3/> from <GET http://www.thegreenbook.com/products/acoustical-contractors/page/3>
2017-06-06 12:28:00 [scrapy.downloadermiddlewares.redirect] DEBUG: Redirecting (301) to <GET http://www.thegreenbook.com/products/abrasive-cutting-wheels/page/4/> from <GET http://www.thegreenbook.com/products/abrasive-cutting-wheels/page/4>
2017-06-06 12:28:03 [scrapy.downloadermiddlewares.redirect] DEBUG: Redirecting (301) to <GET http://www.thegreenbook.com/products/agricultural-sprayers/page/4/> from <GET http://www.thegreenbook.com/products/agricultural-sprayers/page/4>
2017-06-06 12:28:06 [scrapy.downloadermiddlewares.redirect] DEBUG: Redirecting (301) to <GET http://www.thegreenbook.com/products/agricultural-equipment-supplies/page/4/> from <GET http://www.thegreenbook.com/products/agricultural-equipment-supplies/page/4>
2017-06-06 12:28:09 [scrapy.downloadermiddlewares.redirect] DEBUG: Redirecting (301) to <GET http://www.thegreenbook.com/products/agarwood/page/4/> from <GET http://www.thegreenbook.com/products/agarwood/page/4>
2017-06-06 12:28:11 [scrapy.downloadermiddlewares.redirect] DEBUG: Redirecting (301) to <GET http://www.thegreenbook.com/products/work-platform-elevating/page/3/> from <GET http://www.thegreenbook.com/products/work-platform-elevating/page/3>
2017-06-06 12:28:15 [scrapy.downloadermiddlewares.redirect] DEBUG: Redirecting (301) to <GET http://www.thegreenbook.com/products/aerial-work-platforms/page/4/> from <GET http://www.thegreenbook.com/products/aerial-work-platforms/page/4>
2017-06-06 12:28:17 [scrapy.downloadermiddlewares.redirect] DEBUG: Redirecting (301) to <GET http://www.thegreenbook.com/products/adhesives/page/4/> from <GET http://www.thegreenbook.com/products/adhesives/page/4>
2017-06-06 12:28:19 [scrapy.downloadermiddlewares.redirect] DEBUG: Redirecting (301) to <GET http://www.thegreenbook.com/products/adhesive-chemicals/page/4/> from <GET http://www.thegreenbook.com/products/adhesive-chemicals/page/4>
2017-06-06 12:28:22 [scrapy.downloadermiddlewares.redirect] DEBUG: Redirecting (301) to <GET http://www.thegreenbook.com/products/adhesive-application-equipment/page/4/> from <GET http://www.thegreenbook.com/products/adhesive-application-equipment/page/4>
2017-06-06 12:28:24 [scrapy.downloadermiddlewares.redirect] DEBUG: Redirecting (301) to <GET http://www.thegreenbook.com/products/additives-paint/page/4/> from <GET http://www.thegreenbook.com/products/additives-paint/page/4>
2017-06-06 12:28:27 [scrapy.downloadermiddlewares.redirect] DEBUG: Redirecting (301) to <GET http://www.thegreenbook.com/products/additives-drilling-mud/page/4/> from <GET http://www.thegreenbook.com/products/additives-drilling-mud/page/4>
2017-06-06 12:28:30 [scrapy.downloadermiddlewares.redirect] DEBUG: Redirecting (301) to <GET http://www.thegreenbook.com/products/additives-concrete/page/4/> from <GET http://www.thegreenbook.com/products/additives-concrete/page/4>
2017-06-06 12:28:33 [scrapy.downloadermiddlewares.redirect] DEBUG: Redirecting (301) to <GET http://www.thegreenbook.com/products/adapter-type-roller-bearings/page/4/> from <GET http://www.thegreenbook.com/products/adapter-type-roller-bearings/page/4>
2017-06-06 12:28:34 [scrapy.extensions.logstats] INFO: Crawled 51 pages (at 9 pages/min), scraped 0 items (at 0 items/min)
2017-06-06 12:28:36 [scrapy.downloadermiddlewares.redirect] DEBUG: Redirecting (301) to <GET http://www.thegreenbook.com/products/adapter-type-ball-bearings/page/4/> from <GET http://www.thegreenbook.com/products/adapter-type-ball-bearings/page/4>
2017-06-06 12:28:38 [scrapy.downloadermiddlewares.redirect] DEBUG: Redirecting (301) to <GET http://www.thegreenbook.com/products/actuators-valve/page/4/> from <GET http://www.thegreenbook.com/products/actuators-valve/page/4>
2017-06-06 12:28:43 [scrapy.core.engine] DEBUG: Crawled (200) <GET http://www.thegreenbook.com/products/acoustical-contractors/page/3/> (referer: http://www.thegreenbook.com/products/acoustical-contractors/page/2/)
2017-06-06 12:28:46 [scrapy.core.engine] DEBUG: Crawled (200) <GET http://www.thegreenbook.com/products/abrasive-cutting-wheels/page/4/> (referer: http://www.thegreenbook.com/products/abrasive-cutting-wheels/page/3/)
2017-06-06 12:28:48 [scrapy.core.engine] DEBUG: Crawled (200) <GET http://www.thegreenbook.com/products/agricultural-sprayers/page/4/> (referer: http://www.thegreenbook.com/products/agricultural-sprayers/page/3/)
2017-06-06 12:28:50 [scrapy.core.engine] DEBUG: Crawled (200) <GET http://www.thegreenbook.com/products/agricultural-equipment-supplies/page/4/> (referer: http://www.thegreenbook.com/products/agricultural-equipment-supplies/page/3/)
2017-06-06 12:28:54 [scrapy.core.engine] DEBUG: Crawled (200) <GET http://www.thegreenbook.com/products/agarwood/page/4/> (referer: http://www.thegreenbook.com/products/agarwood/page/3/)
2017-06-06 12:28:59 [scrapy.core.engine] DEBUG: Crawled (200) <GET http://www.thegreenbook.com/products/work-platform-elevating/page/3/> (referer: http://www.thegreenbook.com/products/work-platform-elevating/page/2/)
2017-06-06 12:29:01 [scrapy.core.engine] DEBUG: Crawled (200) <GET http://www.thegreenbook.com/products/aerial-work-platforms/page/4/> (referer: http://www.thegreenbook.com/products/aerial-work-platforms/page/3/)
2017-06-06 12:29:03 [scrapy.core.engine] DEBUG: Crawled (200) <GET http://www.thegreenbook.com/products/adhesives/page/4/> (referer: http://www.thegreenbook.com/products/adhesives/page/3/)
2017-06-06 12:29:06 [scrapy.core.engine] DEBUG: Crawled (200) <GET http://www.thegreenbook.com/products/adhesive-chemicals/page/4/> (referer: http://www.thegreenbook.com/products/adhesive-chemicals/page/3/)
2017-06-06 12:29:08 [scrapy.core.engine] DEBUG: Crawled (200) <GET http://www.thegreenbook.com/products/adhesive-application-equipment/page/4/> (referer: http://www.thegreenbook.com/products/adhesive-application-equipment/page/3/)
2017-06-06 12:29:11 [scrapy.core.engine] DEBUG: Crawled (200) <GET http://www.thegreenbook.com/products/additives-paint/page/4/> (referer: http://www.thegreenbook.com/products/additives-paint/page/3/)
2017-06-06 12:29:14 [scrapy.core.engine] DEBUG: Crawled (200) <GET http://www.thegreenbook.com/products/additives-drilling-mud/page/4/> (referer: http://www.thegreenbook.com/products/additives-drilling-mud/page/3/)
2017-06-06 12:29:17 [scrapy.core.engine] DEBUG: Crawled (200) <GET http://www.thegreenbook.com/products/additives-concrete/page/4/> (referer: http://www.thegreenbook.com/products/additives-concrete/page/3/)
2017-06-06 12:29:19 [scrapy.core.engine] DEBUG: Crawled (200) <GET http://www.thegreenbook.com/products/adapter-type-roller-bearings/page/4/> (referer: http://www.thegreenbook.com/products/adapter-type-roller-bearings/page/3/)
2017-06-06 12:29:22 [scrapy.core.engine] DEBUG: Crawled (200) <GET http://www.thegreenbook.com/products/adapter-type-ball-bearings/page/4/> (referer: http://www.thegreenbook.com/products/adapter-type-ball-bearings/page/3/)
2017-06-06 12:29:25 [scrapy.core.engine] DEBUG: Crawled (200) <GET http://www.thegreenbook.com/products/actuators-valve/page/4/> (referer: http://www.thegreenbook.com/products/actuators-valve/page/3/)
2017-06-06 12:29:26 [scrapy.downloadermiddlewares.redirect] DEBUG: Redirecting (301) to <GET http://www.thegreenbook.com/products/acoustical-control-structures-equipment/page/4/> from <GET http://www.thegreenbook.com/products/acoustical-control-structures-equipment/page/4>
2017-06-06 12:29:28 [scrapy.downloadermiddlewares.redirect] DEBUG: Redirecting (301) to <GET http://www.thegreenbook.com/products/acoustical-contractors/page/4/> from <GET http://www.thegreenbook.com/products/acoustical-contractors/page/4>
2017-06-06 12:29:30 [scrapy.downloadermiddlewares.redirect] DEBUG: Redirecting (301) to <GET http://www.thegreenbook.com/products/abrasive-cutting-wheels/page/5/> from <GET http://www.thegreenbook.com/products/abrasive-cutting-wheels/page/5>
2017-06-06 12:29:32 [scrapy.downloadermiddlewares.redirect] DEBUG: Redirecting (301) to <GET http://www.thegreenbook.com/products/agricultural-sprayers/page/5/> from <GET http://www.thegreenbook.com/products/agricultural-sprayers/page/5>
2017-06-06 12:29:34 [scrapy.extensions.logstats] INFO: Crawled 67 pages (at 16 pages/min), scraped 0 items (at 0 items/min)
2017-06-06 12:29:34 [scrapy.downloadermiddlewares.redirect] DEBUG: Redirecting (301) to <GET http://www.thegreenbook.com/products/agricultural-equipment-supplies/page/5/> from <GET http://www.thegreenbook.com/products/agricultural-equipment-supplies/page/5>
2017-06-06 12:29:37 [scrapy.downloadermiddlewares.redirect] DEBUG: Redirecting (301) to <GET http://www.thegreenbook.com/products/agarwood/page/5/> from <GET http://www.thegreenbook.com/products/agarwood/page/5>
2017-06-06 12:29:39 [scrapy.downloadermiddlewares.redirect] DEBUG: Redirecting (301) to <GET http://www.thegreenbook.com/products/work-platform-elevating/page/4/> from <GET http://www.thegreenbook.com/products/work-platform-elevating/page/4>
2017-06-06 12:29:41 [scrapy.downloadermiddlewares.redirect] DEBUG: Redirecting (301) to <GET http://www.thegreenbook.com/products/aerial-work-platforms/page/5/> from <GET http://www.thegreenbook.com/products/aerial-work-platforms/page/5>
2017-06-06 12:29:44 [scrapy.downloadermiddlewares.redirect] DEBUG: Redirecting (301) to <GET http://www.thegreenbook.com/products/adhesives/page/5/> from <GET http://www.thegreenbook.com/products/adhesives/page/5>
2017-06-06 12:29:47 [scrapy.downloadermiddlewares.redirect] DEBUG: Redirecting (301) to <GET http://www.thegreenbook.com/products/adhesive-chemicals/page/5/> from <GET http://www.thegreenbook.com/products/adhesive-chemicals/page/5>
2017-06-06 12:29:50 [scrapy.downloadermiddlewares.redirect] DEBUG: Redirecting (301) to <GET http://www.thegreenbook.com/products/adhesive-application-equipment/page/5/> from <GET http://www.thegreenbook.com/products/adhesive-application-equipment/page/5>
2017-06-06 12:29:51 [scrapy.downloadermiddlewares.redirect] DEBUG: Redirecting (301) to <GET http://www.thegreenbook.com/products/additives-paint/page/5/> from <GET http://www.thegreenbook.com/products/additives-paint/page/5>
2017-06-06 12:29:54 [scrapy.downloadermiddlewares.redirect] DEBUG: Redirecting (301) to <GET http://www.thegreenbook.com/products/additives-drilling-mud/page/5/> from <GET http://www.thegreenbook.com/products/additives-drilling-mud/page/5>
2017-06-06 12:29:56 [scrapy.downloadermiddlewares.redirect] DEBUG: Redirecting (301) to <GET http://www.thegreenbook.com/products/additives-concrete/page/5/> from <GET http://www.thegreenbook.com/products/additives-concrete/page/5>
2017-06-06 12:29:58 [scrapy.downloadermiddlewares.redirect] DEBUG: Redirecting (301) to <GET http://www.thegreenbook.com/products/adapter-type-roller-bearings/page/5/> from <GET http://www.thegreenbook.com/products/adapter-type-roller-bearings/page/5>
2017-06-06 12:30:00 [scrapy.downloadermiddlewares.redirect] DEBUG: Redirecting (301) to <GET http://www.thegreenbook.com/products/adapter-type-ball-bearings/page/5/> from <GET http://www.thegreenbook.com/products/adapter-type-ball-bearings/page/5>
2017-06-06 12:30:05 [scrapy.core.engine] DEBUG: Crawled (200) <GET http://www.thegreenbook.com/products/acoustical-control-structures-equipment/page/4/> (referer: http://www.thegreenbook.com/products/acoustical-control-structures-equipment/page/3/)
2017-06-06 12:30:07 [scrapy.core.engine] DEBUG: Crawled (200) <GET http://www.thegreenbook.com/products/acoustical-contractors/page/4/> (referer: http://www.thegreenbook.com/products/acoustical-contractors/page/3/)
2017-06-06 12:30:10 [scrapy.core.engine] DEBUG: Crawled (200) <GET http://www.thegreenbook.com/products/abrasive-cutting-wheels/page/5/> (referer: http://www.thegreenbook.com/products/abrasive-cutting-wheels/page/4/)
2017-06-06 12:30:13 [scrapy.core.engine] DEBUG: Crawled (200) <GET http://www.thegreenbook.com/products/agricultural-sprayers/page/5/> (referer: http://www.thegreenbook.com/products/agricultural-sprayers/page/4/)
2017-06-06 12:30:15 [scrapy.core.engine] DEBUG: Crawled (200) <GET http://www.thegreenbook.com/products/agricultural-equipment-supplies/page/5/> (referer: http://www.thegreenbook.com/products/agricultural-equipment-supplies/page/4/)
2017-06-06 12:30:18 [scrapy.core.engine] DEBUG: Crawled (200) <GET http://www.thegreenbook.com/products/agarwood/page/5/> (referer: http://www.thegreenbook.com/products/agarwood/page/4/)
2017-06-06 12:30:23 [scrapy.core.engine] DEBUG: Crawled (200) <GET http://www.thegreenbook.com/products/work-platform-elevating/page/4/> (referer: http://www.thegreenbook.com/products/work-platform-elevating/page/3/)
2017-06-06 12:30:25 [scrapy.core.engine] DEBUG: Crawled (200) <GET http://www.thegreenbook.com/products/aerial-work-platforms/page/5/> (referer: http://www.thegreenbook.com/products/aerial-work-platforms/page/4/)
2017-06-06 12:30:30 [scrapy.core.engine] DEBUG: Crawled (200) <GET http://www.thegreenbook.com/products/adhesives/page/5/> (referer: http://www.thegreenbook.com/products/adhesives/page/4/)
2017-06-06 12:30:32 [scrapy.core.engine] DEBUG: Crawled (200) <GET http://www.thegreenbook.com/products/adhesive-chemicals/page/5/> (referer: http://www.thegreenbook.com/products/adhesive-chemicals/page/4/)
2017-06-06 12:30:34 [scrapy.extensions.logstats] INFO: Crawled 77 pages (at 10 pages/min), scraped 0 items (at 0 items/min)
2017-06-06 12:30:36 [scrapy.core.engine] DEBUG: Crawled (200) <GET http://www.thegreenbook.com/products/adhesive-application-equipment/page/5/> (referer: http://www.thegreenbook.com/products/adhesive-application-equipment/page/4/)
2017-06-06 12:30:39 [scrapy.core.engine] DEBUG: Crawled (200) <GET http://www.thegreenbook.com/products/additives-paint/page/5/> (referer: http://www.thegreenbook.com/products/additives-paint/page/4/)
2017-06-06 12:30:42 [scrapy.core.engine] DEBUG: Crawled (200) <GET http://www.thegreenbook.com/products/additives-drilling-mud/page/5/> (referer: http://www.thegreenbook.com/products/additives-drilling-mud/page/4/)
2017-06-06 12:30:44 [scrapy.core.engine] DEBUG: Crawled (200) <GET http://www.thegreenbook.com/products/additives-concrete/page/5/> (referer: http://www.thegreenbook.com/products/additives-concrete/page/4/)
2017-06-06 12:30:47 [scrapy.core.engine] DEBUG: Crawled (200) <GET http://www.thegreenbook.com/products/adapter-type-roller-bearings/page/5/> (referer: http://www.thegreenbook.com/products/adapter-type-roller-bearings/page/4/)
2017-06-06 12:30:50 [scrapy.core.engine] DEBUG: Crawled (200) <GET http://www.thegreenbook.com/products/adapter-type-ball-bearings/page/5/> (referer: http://www.thegreenbook.com/products/adapter-type-ball-bearings/page/4/)
2017-06-06 12:30:50 [scrapy.downloadermiddlewares.redirect] DEBUG: Redirecting (301) to <GET http://www.thegreenbook.com/products/actuators-valve/page/5/> from <GET http://www.thegreenbook.com/products/actuators-valve/page/5>
2017-06-06 12:30:53 [scrapy.downloadermiddlewares.redirect] DEBUG: Redirecting (301) to <GET http://www.thegreenbook.com/products/acoustical-control-structures-equipment/page/5/> from <GET http://www.thegreenbook.com/products/acoustical-control-structures-equipment/page/5>
2017-06-06 12:30:56 [scrapy.downloadermiddlewares.redirect] DEBUG: Redirecting (301) to <GET http://www.thegreenbook.com/products/acoustical-contractors/page/5/> from <GET http://www.thegreenbook.com/products/acoustical-contractors/page/5>
2017-06-06 12:30:59 [scrapy.downloadermiddlewares.redirect] DEBUG: Redirecting (301) to <GET http://www.thegreenbook.com/products/abrasive-cutting-wheels/page/6/> from <GET http://www.thegreenbook.com/products/abrasive-cutting-wheels/page/6>
2017-06-06 12:31:02 [scrapy.downloadermiddlewares.redirect] DEBUG: Redirecting (301) to <GET http://www.thegreenbook.com/products/agricultural-sprayers/page/6/> from <GET http://www.thegreenbook.com/products/agricultural-sprayers/page/6>
2017-06-06 12:31:05 [scrapy.downloadermiddlewares.redirect] DEBUG: Redirecting (301) to <GET http://www.thegreenbook.com/products/agricultural-equipment-supplies/page/6/> from <GET http://www.thegreenbook.com/products/agricultural-equipment-supplies/page/6>
2017-06-06 12:31:07 [scrapy.downloadermiddlewares.redirect] DEBUG: Redirecting (301) to <GET http://www.thegreenbook.com/products/agarwood/page/6/> from <GET http://www.thegreenbook.com/products/agarwood/page/6>
2017-06-06 12:31:10 [scrapy.downloadermiddlewares.redirect] DEBUG: Redirecting (301) to <GET http://www.thegreenbook.com/products/work-platform-elevating/page/5/> from <GET http://www.thegreenbook.com/products/work-platform-elevating/page/5>
2017-06-06 12:31:12 [scrapy.downloadermiddlewares.redirect] DEBUG: Redirecting (301) to <GET http://www.thegreenbook.com/products/aerial-work-platforms/page/6/> from <GET http://www.thegreenbook.com/products/aerial-work-platforms/page/6>
2017-06-06 12:31:15 [scrapy.downloadermiddlewares.redirect] DEBUG: Redirecting (301) to <GET http://www.thegreenbook.com/products/adhesives/page/6/> from <GET http://www.thegreenbook.com/products/adhesives/page/6>
2017-06-06 12:31:18 [scrapy.downloadermiddlewares.redirect] DEBUG: Redirecting (301) to <GET http://www.thegreenbook.com/products/adhesive-chemicals/page/6/> from <GET http://www.thegreenbook.com/products/adhesive-chemicals/page/6>
2017-06-06 12:31:20 [scrapy.downloadermiddlewares.redirect] DEBUG: Redirecting (301) to <GET http://www.thegreenbook.com/products/adhesive-application-equipment/page/6/> from <GET http://www.thegreenbook.com/products/adhesive-application-equipment/page/6>
2017-06-06 12:31:22 [scrapy.downloadermiddlewares.redirect] DEBUG: Redirecting (301) to <GET http://www.thegreenbook.com/products/additives-paint/page/6/> from <GET http://www.thegreenbook.com/products/additives-paint/page/6>
2017-06-06 12:31:24 [scrapy.downloadermiddlewares.redirect] DEBUG: Redirecting (301) to <GET http://www.thegreenbook.com/products/additives-drilling-mud/page/6/> from <GET http://www.thegreenbook.com/products/additives-drilling-mud/page/6>
2017-06-06 12:31:27 [scrapy.downloadermiddlewares.redirect] DEBUG: Redirecting (301) to <GET http://www.thegreenbook.com/products/additives-concrete/page/6/> from <GET http://www.thegreenbook.com/products/additives-concrete/page/6>
2017-06-06 12:31:30 [scrapy.downloadermiddlewares.redirect] DEBUG: Redirecting (301) to <GET http://www.thegreenbook.com/products/adapter-type-roller-bearings/page/6/> from <GET http://www.thegreenbook.com/products/adapter-type-roller-bearings/page/6>
2017-06-06 12:31:34 [scrapy.extensions.logstats] INFO: Crawled 83 pages (at 6 pages/min), scraped 0 items (at 0 items/min)
2017-06-06 12:31:34 [scrapy.core.engine] DEBUG: Crawled (200) <GET http://www.thegreenbook.com/products/actuators-valve/page/5/> (referer: http://www.thegreenbook.com/products/actuators-valve/page/4/)
2017-06-06 12:31:36 [scrapy.core.engine] DEBUG: Crawled (200) <GET http://www.thegreenbook.com/products/acoustical-control-structures-equipment/page/5/> (referer: http://www.thegreenbook.com/products/acoustical-control-structures-equipment/page/4/)
2017-06-06 12:31:39 [scrapy.core.engine] DEBUG: Crawled (200) <GET http://www.thegreenbook.com/products/acoustical-contractors/page/5/> (referer: http://www.thegreenbook.com/products/acoustical-contractors/page/4/)
2017-06-06 12:31:42 [scrapy.core.engine] DEBUG: Crawled (200) <GET http://www.thegreenbook.com/products/abrasive-cutting-wheels/page/6/> (referer: http://www.thegreenbook.com/products/abrasive-cutting-wheels/page/5/)
2017-06-06 12:31:44 [scrapy.crawler] INFO: Received SIGINT, shutting down gracefully. Send again to force 
2017-06-06 12:31:44 [scrapy.core.engine] INFO: Closing spider (shutdown)
2017-06-06 12:31:44 [scrapy.crawler] INFO: Received SIGINT twice, forcing unclean shutdown
